# JRE version: OpenJDK Runtime Environment (11.0.7+10) (build 11.0.7+10-post-Ubuntu-2ubuntu218.04)
# Java VM: OpenJDK 64-Bit Server VM (11.0.7+10-post-Ubuntu-2ubuntu218.04, mixed mode, sharing, tiered, compressed oops, serial gc, linux-amd64)
Heap:
 def new generation   total 2432K, used 1447K [0x00000000f8000000, 0x00000000f82a0000, 0x00000000faaa0000)
  eden space 2176K,  60% used [0x00000000f8000000, 0x00000000f814b1e8, 0x00000000f8220000)
  from space 256K,  48% used [0x00000000f8220000, 0x00000000f823ecd0, 0x00000000f8260000)
  to   space 256K,   0% used [0x00000000f8260000, 0x00000000f8260000, 0x00000000f82a0000)
 tenured generation   total 5504K, used 3144K [0x00000000faaa0000, 0x00000000fb000000, 0x0000000100000000)
   the space 5504K,  57% used [0x00000000faaa0000, 0x00000000fadb2220, 0x00000000fadb2400, 0x00000000fb000000)
 Metaspace       used 7467K, capacity 7847K, committed 7936K, reserved 1056768K
  class space    used 790K, capacity 993K, committed 1024K, reserved 1048576K
GC Heap History (20 events):
Event: 8.106 GC heap before
{Heap before GC invocations=2 (full 0):
 def new generation   total 2432K, used 2276K [0x00000000f8000000, 0x00000000f82a0000, 0x00000000faaa0000)
  eden space 2176K,  92% used [0x00000000f8000000, 0x00000000f81f9050, 0x00000000f8220000)
  from space 256K, 100% used [0x00000000f8220000, 0x00000000f8260000, 0x00000000f8260000)
  to   space 256K,   0% used [0x00000000f8260000, 0x00000000f8260000, 0x00000000f82a0000)
 tenured generation   total 5504K, used 1143K [0x00000000faaa0000, 0x00000000fb000000, 0x0000000100000000)
   the space 5504K,  20% used [0x00000000faaa0000, 0x00000000fabbdeb8, 0x00000000fabbe000, 0x00000000fb000000)
 Metaspace       used 5121K, capacity 5447K, committed 5632K, reserved 1056768K
  class space    used 565K, capacity 747K, committed 768K, reserved 1048576K
}
Event: 8.109 GC heap after
{Heap after GC invocations=3 (full 0):
 def new generation   total 2432K, used 256K [0x00000000f8000000, 0x00000000f82a0000, 0x00000000faaa0000)
  eden space 2176K,   0% used [0x00000000f8000000, 0x00000000f8000000, 0x00000000f8220000)
  from space 256K, 100% used [0x00000000f8260000, 0x00000000f82a0000, 0x00000000f82a0000)
  to   space 256K,   0% used [0x00000000f8220000, 0x00000000f8220000, 0x00000000f8260000)
 tenured generation   total 5504K, used 1504K [0x00000000faaa0000, 0x00000000fb000000, 0x0000000100000000)
   the space 5504K,  27% used [0x00000000faaa0000, 0x00000000fac18068, 0x00000000fac18200, 0x00000000fb000000)
 Metaspace       used 5121K, capacity 5447K, committed 5632K, reserved 1056768K
  class space    used 565K, capacity 747K, committed 768K, reserved 1048576K
}
Event: 9.501 GC heap before
{Heap before GC invocations=3 (full 0):
 def new generation   total 2432K, used 2431K [0x00000000f8000000, 0x00000000f82a0000, 0x00000000faaa0000)
  eden space 2176K,  99% used [0x00000000f8000000, 0x00000000f821ffe8, 0x00000000f8220000)
  from space 256K, 100% used [0x00000000f8260000, 0x00000000f82a0000, 0x00000000f82a0000)
  to   space 256K,   0% used [0x00000000f8220000, 0x00000000f8220000, 0x00000000f8260000)
 tenured generation   total 5504K, used 1504K [0x00000000faaa0000, 0x00000000fb000000, 0x0000000100000000)
   the space 5504K,  27% used [0x00000000faaa0000, 0x00000000fac18068, 0x00000000fac18200, 0x00000000fb000000)
 Metaspace       used 7120K, capacity 7494K, committed 7680K, reserved 1056768K
  class space    used 772K, capacity 961K, committed 1024K, reserved 1048576K
}
Event: 9.506 GC heap after
{Heap after GC invocations=4 (full 0):
 def new generation   total 2432K, used 191K [0x00000000f8000000, 0x00000000f82a0000, 0x00000000faaa0000)
  eden space 2176K,   0% used [0x00000000f8000000, 0x00000000f8000000, 0x00000000f8220000)
  from space 256K,  74% used [0x00000000f8220000, 0x00000000f824fce8, 0x00000000f8260000)
  to   space 256K,   0% used [0x00000000f8260000, 0x00000000f8260000, 0x00000000f82a0000)
 tenured generation   total 5504K, used 2955K [0x00000000faaa0000, 0x00000000fb000000, 0x0000000100000000)
   the space 5504K,  53% used [0x00000000faaa0000, 0x00000000fad82db0, 0x00000000fad82e00, 0x00000000fb000000)
 Metaspace       used 7120K, capacity 7494K, committed 7680K, reserved 1056768K
  class space    used 772K, capacity 961K, committed 1024K, reserved 1048576K
}
Event: 13.086 GC heap before
{Heap before GC invocations=4 (full 0):
 def new generation   total 2432K, used 2367K [0x00000000f8000000, 0x00000000f82a0000, 0x00000000faaa0000)
  eden space 2176K, 100% used [0x00000000f8000000, 0x00000000f8220000, 0x00000000f8220000)
  from space 256K,  74% used [0x00000000f8220000, 0x00000000f824fce8, 0x00000000f8260000)
  to   space 256K,   0% used [0x00000000f8260000, 0x00000000f8260000, 0x00000000f82a0000)
 tenured generation   total 5504K, used 2955K [0x00000000faaa0000, 0x00000000fb000000, 0x0000000100000000)
   the space 5504K,  53% used [0x00000000faaa0000, 0x00000000fad82db0, 0x00000000fad82e00, 0x00000000fb000000)
 Metaspace       used 7177K, capacity 7558K, committed 7680K, reserved 1056768K
  class space    used 772K, capacity 961K, committed 1024K, reserved 1048576K
}
Event: 13.087 GC heap after
{Heap after GC invocations=5 (full 0):
 def new generation   total 2432K, used 2K [0x00000000f8000000, 0x00000000f82a0000, 0x00000000faaa0000)
  eden space 2176K,   0% used [0x00000000f8000000, 0x00000000f8000000, 0x00000000f8220000)
  from space 256K,   1% used [0x00000000f8260000, 0x00000000f8260bd0, 0x00000000f82a0000)
  to   space 256K,   0% used [0x00000000f8220000, 0x00000000f8220000, 0x00000000f8260000)
 tenured generation   total 5504K, used 3144K [0x00000000faaa0000, 0x00000000fb000000, 0x0000000100000000)
   the space 5504K,  57% used [0x00000000faaa0000, 0x00000000fadb2220, 0x00000000fadb2400, 0x00000000fb000000)
 Metaspace       used 7177K, capacity 7558K, committed 7680K, reserved 1056768K
  class space    used 772K, capacity 961K, committed 1024K, reserved 1048576K
}
Event: 17.296 GC heap before
{Heap before GC invocations=5 (full 0):
 def new generation   total 2432K, used 2178K [0x00000000f8000000, 0x00000000f82a0000, 0x00000000faaa0000)
  eden space 2176K, 100% used [0x00000000f8000000, 0x00000000f8220000, 0x00000000f8220000)
  from space 256K,   1% used [0x00000000f8260000, 0x00000000f8260bd0, 0x00000000f82a0000)
  to   space 256K,   0% used [0x00000000f8220000, 0x00000000f8220000, 0x00000000f8260000)
 tenured generation   total 5504K, used 3144K [0x00000000faaa0000, 0x00000000fb000000, 0x0000000100000000)
   the space 5504K,  57% used [0x00000000faaa0000, 0x00000000fadb2220, 0x00000000fadb2400, 0x00000000fb000000)
 Metaspace       used 7224K, capacity 7558K, committed 7680K, reserved 1056768K
  class space    used 774K, capacity 961K, committed 1024K, reserved 1048576K
}
Event: 17.296 GC heap after
{Heap after GC invocations=6 (full 0):
 def new generation   total 2432K, used 7K [0x00000000f8000000, 0x00000000f82a0000, 0x00000000faaa0000)
  eden space 2176K,   0% used [0x00000000f8000000, 0x00000000f8000000, 0x00000000f8220000)
  from space 256K,   3% used [0x00000000f8220000, 0x00000000f8221f40, 0x00000000f8260000)
  to   space 256K,   0% used [0x00000000f8260000, 0x00000000f8260000, 0x00000000f82a0000)
 tenured generation   total 5504K, used 3144K [0x00000000faaa0000, 0x00000000fb000000, 0x0000000100000000)
   the space 5504K,  57% used [0x00000000faaa0000, 0x00000000fadb2220, 0x00000000fadb2400, 0x00000000fb000000)
 Metaspace       used 7224K, capacity 7558K, committed 7680K, reserved 1056768K
  class space    used 774K, capacity 961K, committed 1024K, reserved 1048576K
}
Event: 23.090 GC heap before
{Heap before GC invocations=6 (full 0):
 def new generation   total 2432K, used 2183K [0x00000000f8000000, 0x00000000f82a0000, 0x00000000faaa0000)
  eden space 2176K, 100% used [0x00000000f8000000, 0x00000000f8220000, 0x00000000f8220000)
  from space 256K,   3% used [0x00000000f8220000, 0x00000000f8221f40, 0x00000000f8260000)
  to   space 256K,   0% used [0x00000000f8260000, 0x00000000f8260000, 0x00000000f82a0000)
 tenured generation   total 5504K, used 3144K [0x00000000faaa0000, 0x00000000fb000000, 0x0000000100000000)
   the space 5504K,  57% used [0x00000000faaa0000, 0x00000000fadb2220, 0x00000000fadb2400, 0x00000000fb000000)
 Metaspace       used 7239K, capacity 7559K, committed 7680K, reserved 1056768K
  class space    used 774K, capacity 961K, committed 1024K, reserved 1048576K
}
Event: 23.091 GC heap after
{Heap after GC invocations=7 (full 0):
 def new generation   total 2432K, used 16K [0x00000000f8000000, 0x00000000f82a0000, 0x00000000faaa0000)
  eden space 2176K,   0% used [0x00000000f8000000, 0x00000000f8000000, 0x00000000f8220000)
  from space 256K,   6% used [0x00000000f8260000, 0x00000000f82643d8, 0x00000000f82a0000)
  to   space 256K,   0% used [0x00000000f8220000, 0x00000000f8220000, 0x00000000f8260000)
 tenured generation   total 5504K, used 3144K [0x00000000faaa0000, 0x00000000fb000000, 0x0000000100000000)
   the space 5504K,  57% used [0x00000000faaa0000, 0x00000000fadb2220, 0x00000000fadb2400, 0x00000000fb000000)
 Metaspace       used 7239K, capacity 7559K, committed 7680K, reserved 1056768K
  class space    used 774K, capacity 961K, committed 1024K, reserved 1048576K
}
Event: 26.905 GC heap before
{Heap before GC invocations=7 (full 0):
 def new generation   total 2432K, used 2192K [0x00000000f8000000, 0x00000000f82a0000, 0x00000000faaa0000)
  eden space 2176K, 100% used [0x00000000f8000000, 0x00000000f8220000, 0x00000000f8220000)
  from space 256K,   6% used [0x00000000f8260000, 0x00000000f82643d8, 0x00000000f82a0000)
  to   space 256K,   0% used [0x00000000f8220000, 0x00000000f8220000, 0x00000000f8260000)
 tenured generation   total 5504K, used 3144K [0x00000000faaa0000, 0x00000000fb000000, 0x0000000100000000)
   the space 5504K,  57% used [0x00000000faaa0000, 0x00000000fadb2220, 0x00000000fadb2400, 0x00000000fb000000)
 Metaspace       used 7239K, capacity 7559K, committed 7680K, reserved 1056768K
  class space    used 774K, capacity 961K, committed 1024K, reserved 1048576K
}
Event: 26.905 GC heap after
{Heap after GC invocations=8 (full 0):
 def new generation   total 2432K, used 20K [0x00000000f8000000, 0x00000000f82a0000, 0x00000000faaa0000)
  eden space 2176K,   0% used [0x00000000f8000000, 0x00000000f8000000, 0x00000000f8220000)
  from space 256K,   7% used [0x00000000f8220000, 0x00000000f8225178, 0x00000000f8260000)
  to   space 256K,   0% used [0x00000000f8260000, 0x00000000f8260000, 0x00000000f82a0000)
 tenured generation   total 5504K, used 3144K [0x00000000faaa0000, 0x00000000fb000000, 0x0000000100000000)
   the space 5504K,  57% used [0x00000000faaa0000, 0x00000000fadb2220, 0x00000000fadb2400, 0x00000000fb000000)
 Metaspace       used 7239K, capacity 7559K, committed 7680K, reserved 1056768K
  class space    used 774K, capacity 961K, committed 1024K, reserved 1048576K
}
Event: 30.234 GC heap before
{Heap before GC invocations=8 (full 0):
 def new generation   total 2432K, used 2196K [0x00000000f8000000, 0x00000000f82a0000, 0x00000000faaa0000)
  eden space 2176K, 100% used [0x00000000f8000000, 0x00000000f8220000, 0x00000000f8220000)
  from space 256K,   7% used [0x00000000f8220000, 0x00000000f8225178, 0x00000000f8260000)
  to   space 256K,   0% used [0x00000000f8260000, 0x00000000f8260000, 0x00000000f82a0000)
 tenured generation   total 5504K, used 3144K [0x00000000faaa0000, 0x00000000fb000000, 0x0000000100000000)
   the space 5504K,  57% used [0x00000000faaa0000, 0x00000000fadb2220, 0x00000000fadb2400, 0x00000000fb000000)
 Metaspace       used 7253K, capacity 7623K, committed 7936K, reserved 1056768K
  class space    used 774K, capacity 961K, committed 1024K, reserved 1048576K
}
Event: 30.234 GC heap after
{Heap after GC invocations=9 (full 0):
 def new generation   total 2432K, used 20K [0x00000000f8000000, 0x00000000f82a0000, 0x00000000faaa0000)
  eden space 2176K,   0% used [0x00000000f8000000, 0x00000000f8000000, 0x00000000f8220000)
  from space 256K,   7% used [0x00000000f8260000, 0x00000000f8265068, 0x00000000f82a0000)
  to   space 256K,   0% used [0x00000000f8220000, 0x00000000f8220000, 0x00000000f8260000)
 tenured generation   total 5504K, used 3144K [0x00000000faaa0000, 0x00000000fb000000, 0x0000000100000000)
   the space 5504K,  57% used [0x00000000faaa0000, 0x00000000fadb2220, 0x00000000fadb2400, 0x00000000fb000000)
 Metaspace       used 7253K, capacity 7623K, committed 7936K, reserved 1056768K
  class space    used 774K, capacity 961K, committed 1024K, reserved 1048576K
}
Event: 37.813 GC heap before
{Heap before GC invocations=9 (full 0):
 def new generation   total 2432K, used 2196K [0x00000000f8000000, 0x00000000f82a0000, 0x00000000faaa0000)
  eden space 2176K, 100% used [0x00000000f8000000, 0x00000000f8220000, 0x00000000f8220000)
  from space 256K,   7% used [0x00000000f8260000, 0x00000000f8265068, 0x00000000f82a0000)
  to   space 256K,   0% used [0x00000000f8220000, 0x00000000f8220000, 0x00000000f8260000)
 tenured generation   total 5504K, used 3144K [0x00000000faaa0000, 0x00000000fb000000, 0x0000000100000000)
   the space 5504K,  57% used [0x00000000faaa0000, 0x00000000fadb2220, 0x00000000fadb2400, 0x00000000fb000000)
 Metaspace       used 7275K, capacity 7623K, committed 7936K, reserved 1056768K
  class space    used 774K, capacity 961K, committed 1024K, reserved 1048576K
}
Event: 37.814 GC heap after
{Heap after GC invocations=10 (full 0):
 def new generation   total 2432K, used 20K [0x00000000f8000000, 0x00000000f82a0000, 0x00000000faaa0000)
  eden space 2176K,   0% used [0x00000000f8000000, 0x00000000f8000000, 0x00000000f8220000)
  from space 256K,   8% used [0x00000000f8220000, 0x00000000f8225218, 0x00000000f8260000)
  to   space 256K,   0% used [0x00000000f8260000, 0x00000000f8260000, 0x00000000f82a0000)
 tenured generation   total 5504K, used 3144K [0x00000000faaa0000, 0x00000000fb000000, 0x0000000100000000)
   the space 5504K,  57% used [0x00000000faaa0000, 0x00000000fadb2220, 0x00000000fadb2400, 0x00000000fb000000)
 Metaspace       used 7275K, capacity 7623K, committed 7936K, reserved 1056768K
  class space    used 774K, capacity 961K, committed 1024K, reserved 1048576K
}
Event: 41.020 GC heap before
{Heap before GC invocations=10 (full 0):
 def new generation   total 2432K, used 2196K [0x00000000f8000000, 0x00000000f82a0000, 0x00000000faaa0000)
  eden space 2176K,  99% used [0x00000000f8000000, 0x00000000f821ffe8, 0x00000000f8220000)
  from space 256K,   8% used [0x00000000f8220000, 0x00000000f8225218, 0x00000000f8260000)
  to   space 256K,   0% used [0x00000000f8260000, 0x00000000f8260000, 0x00000000f82a0000)
 tenured generation   total 5504K, used 3144K [0x00000000faaa0000, 0x00000000fb000000, 0x0000000100000000)
   the space 5504K,  57% used [0x00000000faaa0000, 0x00000000fadb2220, 0x00000000fadb2400, 0x00000000fb000000)
 Metaspace       used 7457K, capacity 7847K, committed 7936K, reserved 1056768K
  class space    used 789K, capacity 993K, committed 1024K, reserved 1048576K
}
Event: 41.021 GC heap after
{Heap after GC invocations=11 (full 0):
 def new generation   total 2432K, used 122K [0x00000000f8000000, 0x00000000f82a0000, 0x00000000faaa0000)
  eden space 2176K,   0% used [0x00000000f8000000, 0x00000000f8000000, 0x00000000f8220000)
  from space 256K,  47% used [0x00000000f8260000, 0x00000000f827ea58, 0x00000000f82a0000)
  to   space 256K,   0% used [0x00000000f8220000, 0x00000000f8220000, 0x00000000f8260000)
 tenured generation   total 5504K, used 3144K [0x00000000faaa0000, 0x00000000fb000000, 0x0000000100000000)
   the space 5504K,  57% used [0x00000000faaa0000, 0x00000000fadb2220, 0x00000000fadb2400, 0x00000000fb000000)
 Metaspace       used 7457K, capacity 7847K, committed 7936K, reserved 1056768K
  class space    used 789K, capacity 993K, committed 1024K, reserved 1048576K
}
Event: 44.398 GC heap before
{Heap before GC invocations=11 (full 0):
 def new generation   total 2432K, used 2298K [0x00000000f8000000, 0x00000000f82a0000, 0x00000000faaa0000)
  eden space 2176K, 100% used [0x00000000f8000000, 0x00000000f8220000, 0x00000000f8220000)
  from space 256K,  47% used [0x00000000f8260000, 0x00000000f827ea58, 0x00000000f82a0000)
  to   space 256K,   0% used [0x00000000f8220000, 0x00000000f8220000, 0x00000000f8260000)
 tenured generation   total 5504K, used 3144K [0x00000000faaa0000, 0x00000000fb000000, 0x0000000100000000)
   the space 5504K,  57% used [0x00000000faaa0000, 0x00000000fadb2220, 0x00000000fadb2400, 0x00000000fb000000)
 Metaspace       used 7462K, capacity 7847K, committed 7936K, reserved 1056768K
  class space    used 789K, capacity 993K, committed 1024K, reserved 1048576K
}
Event: 44.399 GC heap after
{Heap after GC invocations=12 (full 0):
 def new generation   total 2432K, used 123K [0x00000000f8000000, 0x00000000f82a0000, 0x00000000faaa0000)
  eden space 2176K,   0% used [0x00000000f8000000, 0x00000000f8000000, 0x00000000f8220000)
  from space 256K,  48% used [0x00000000f8220000, 0x00000000f823ecd0, 0x00000000f8260000)
  to   space 256K,   0% used [0x00000000f8260000, 0x00000000f8260000, 0x00000000f82a0000)
 tenured generation   total 5504K, used 3144K [0x00000000faaa0000, 0x00000000fb000000, 0x0000000100000000)
   the space 5504K,  57% used [0x00000000faaa0000, 0x00000000fadb2220, 0x00000000fadb2400, 0x00000000fb000000)
 Metaspace       used 7462K, capacity 7847K, committed 7936K, reserved 1056768K
  class space    used 789K, capacity 993K, committed 1024K, reserved 1048576K
}

